<?xml version="1.0" encoding="UTF-8"?>
<testsuite xmlns:xsi="http://www.w3.org/2001/XMLSchema-instance" xsi:schemaLocation="https://maven.apache.org/surefire/maven-surefire-plugin/xsd/surefire-test-report.xsd" name="unit.test.TeacherDAO.TeacherRegistrationTest" time="0.213" tests="2" errors="0" skipped="0" failures="0">
  <properties>
[...]
</properties>
  <testcase name="testFailedTeacherAdditionWithDuplicatedEmail" classname="unit.test.TeacherDAO.TeacherRegistrationTest" time="0.076"/>
  <testcase name="testSuccessfulTeacherAddition" classname="unit.test.TeacherDAO.TeacherRegistrationTest" time="0.044"/>
</testsuite>